<?xml version="1.0" encoding="UTF-8" ?>
<testsuite tests="6" failures="0" name="com.hubin.dao.UserMapperTest" time="1.37" errors="0" skipped="0">
  <properties>
    <property name="idea.version" value="2021.1.3"/>
    <property name="java.runtime.name" value="Java(TM) SE Runtime Environment"/>
    <property name="sun.boot.library.path" value="G:\Program Files\Java\jdk1.8.0_291\jre\bin"/>
    <property name="java.vm.version" value="25.291-b10"/>
    <property name="java.vm.vendor" value="Oracle Corporation"/>
    <property name="maven.multiModuleProjectDirectory" value="F:\职业\学习\JAVA学习\code\Mybatis-Study"/>
    <property name="java.vendor.url" value="http://java.oracle.com/"/>
    <property name="path.separator" value=";"/>
    <property name="guice.disable.misplaced.annotation.check" value="true"/>
    <property name="java.vm.name" value="Java HotSpot(TM) 64-Bit Server VM"/>
    <property name="file.encoding.pkg" value="sun.io"/>
    <property name="user.script" value=""/>
    <property name="user.country" value="CN"/>
    <property name="sun.java.launcher" value="SUN_STANDARD"/>
    <property name="sun.os.patch.level" value=""/>
    <property name="java.vm.specification.name" value="Java Virtual Machine Specification"/>
    <property name="user.dir" value="F:\职业\学习\JAVA学习\code\Mybatis-Study"/>
    <property name="java.runtime.version" value="1.8.0_291-b10"/>
    <property name="java.awt.graphicsenv" value="sun.awt.Win32GraphicsEnvironment"/>
    <property name="java.endorsed.dirs" value="G:\Program Files\Java\jdk1.8.0_291\jre\lib\endorsed"/>
    <property name="os.arch" value="amd64"/>
    <property name="java.io.tmpdir" value="C:\Users\胡斌\AppData\Local\Temp\"/>
    <property name="line.separator" value="
"/>
    <property name="java.vm.specification.vendor" value="Oracle Corporation"/>
    <property name="user.variant" value=""/>
    <property name="os.name" value="Windows 10"/>
    <property name="maven.ext.class.path" value="G:\environment\JetBrains\IntelliJ IDEA 2021.1.3\plugins\maven\lib\maven-event-listener.jar"/>
    <property name="classworlds.conf" value="G:\environment\apache-maven-3.8.1\bin\m2.conf"/>
    <property name="sun.jnu.encoding" value="GBK"/>
    <property name="java.library.path" value="G:\Program Files\Java\jdk1.8.0_291\bin;C:\Windows\Sun\Java\bin;C:\Windows\system32;C:\Windows;C:\Windows\system32;C:\Windows;C:\Windows\System32\Wbem;C:\Windows\System32\WindowsPowerShell\v1.0\;C:\Windows\System32\OpenSSH\;G:\environment\Mysql\mysql-5.7.19-winx64\bin;G:\environment\apache-maven-3.8.1\bin;C:\Users\胡斌\AppData\Local\Microsoft\WindowsApps;;."/>
    <property name="maven.conf" value="G:\environment\apache-maven-3.8.1/conf"/>
    <property name="java.specification.name" value="Java Platform API Specification"/>
    <property name="java.class.version" value="52.0"/>
    <property name="sun.management.compiler" value="HotSpot 64-Bit Tiered Compilers"/>
    <property name="maven.repo.local" value="G:\environment\apache-maven-3.8.1\maven-repo"/>
    <property name="os.version" value="10.0"/>
    <property name="user.home" value="C:\Users\胡斌"/>
    <property name="user.timezone" value="Asia/Shanghai"/>
    <property name="java.awt.printerjob" value="sun.awt.windows.WPrinterJob"/>
    <property name="java.specification.version" value="1.8"/>
    <property name="file.encoding" value="UTF-8"/>
    <property name="user.name" value="HB"/>
    <property name="java.class.path" value="G:\environment\apache-maven-3.8.1\boot\plexus-classworlds-2.6.0.jar;G:\environment\apache-maven-3.8.1\boot\plexus-classworlds.license"/>
    <property name="java.vm.specification.version" value="1.8"/>
    <property name="sun.arch.data.model" value="64"/>
    <property name="java.home" value="G:\Program Files\Java\jdk1.8.0_291\jre"/>
    <property name="sun.java.command" value="org.codehaus.classworlds.Launcher -Didea.version=2021.1.3 -s G:\environment\apache-maven-3.8.1\conf\settings.xml -Dmaven.repo.local=G:\environment\apache-maven-3.8.1\maven-repo install --projects com.huibin:mybatis-study,com.huibin:mybatis-01,com.huibin:mybatis-04,com.huibin:mybatis-06"/>
    <property name="java.specification.vendor" value="Oracle Corporation"/>
    <property name="user.language" value="zh"/>
    <property name="awt.toolkit" value="sun.awt.windows.WToolkit"/>
    <property name="java.vm.info" value="mixed mode"/>
    <property name="java.version" value="1.8.0_291"/>
    <property name="java.ext.dirs" value="G:\Program Files\Java\jdk1.8.0_291\jre\lib\ext;C:\Windows\Sun\Java\lib\ext"/>
    <property name="sun.boot.class.path" value="G:\Program Files\Java\jdk1.8.0_291\jre\lib\resources.jar;G:\Program Files\Java\jdk1.8.0_291\jre\lib\rt.jar;G:\Program Files\Java\jdk1.8.0_291\jre\lib\sunrsasign.jar;G:\Program Files\Java\jdk1.8.0_291\jre\lib\jsse.jar;G:\Program Files\Java\jdk1.8.0_291\jre\lib\jce.jar;G:\Program Files\Java\jdk1.8.0_291\jre\lib\charsets.jar;G:\Program Files\Java\jdk1.8.0_291\jre\lib\jfr.jar;G:\Program Files\Java\jdk1.8.0_291\jre\classes"/>
    <property name="java.vendor" value="Oracle Corporation"/>
    <property name="maven.home" value="G:\environment\apache-maven-3.8.1"/>
    <property name="file.separator" value="\"/>
    <property name="java.vendor.url.bug" value="http://bugreport.sun.com/bugreport/"/>
    <property name="sun.cpu.endian" value="little"/>
    <property name="sun.io.unicode.encoding" value="UnicodeLittle"/>
    <property name="sun.desktop" value="windows"/>
    <property name="sun.cpu.isalist" value="amd64"/>
  </properties>
  <testcase classname="com.hubin.dao.UserMapperTest" name="testUpdateUser" time="1.325"/>
  <testcase classname="com.hubin.dao.UserMapperTest" name="testdeleteUser" time="0.005"/>
  <testcase classname="com.hubin.dao.UserMapperTest" name="testselectUser" time="0.017"/>
  <testcase classname="com.hubin.dao.UserMapperTest" name="testselstUserById" time="0.013"/>
  <testcase classname="com.hubin.dao.UserMapperTest" name="testselstUserByNP" time="0.01"/>
  <testcase classname="com.hubin.dao.UserMapperTest" name="testaddUser" time="0"/>
</testsuite>